<?xml version="1.0" encoding="UTF-8"?>
<!-- Generated by org.testng.reporters.JUnitReportReporter -->
<testsuite hostname="DESKTOP-UJH33DH" failures="0" tests="1" name="org.Maven.Pratice.MavenExample1Test" time="6.974" errors="0" timestamp="18 Jul 2022 10:01:25 GMT">
  <testcase classname="org.Maven.Pratice.MavenExample1Test" name="testSetup11" time="6.974"/>
</testsuite> <!-- org.Maven.Pratice.MavenExample1Test -->
