<?xml version="1.0" encoding="UTF-8"?>
<!-- Generated by org.testng.reporters.JUnitReportReporter -->
<testsuite hostname="DESKTOP-UJH33DH" failures="0" tests="3" name="org.Maven.Pratice.MavenExampleTest" time="11.167" errors="0" timestamp="18 Jul 2022 10:01:25 GMT">
  <testcase classname="org.Maven.Pratice.MavenExampleTest" name="testSetup3" time="1.580"/>
  <testcase classname="org.Maven.Pratice.MavenExampleTest" name="testSetup1" time="6.768"/>
  <testcase classname="org.Maven.Pratice.MavenExampleTest" name="testSetup2" time="2.819"/>
</testsuite> <!-- org.Maven.Pratice.MavenExampleTest -->
