<?xml version="1.0" encoding="UTF-8"?>
<!-- Generated by org.testng.reporters.JUnitReportReporter -->
<testsuite hostname="DESKTOP-UJH33DH" failures="0" tests="2" name="org.Maven.Pratice.MavenExample2Test" time="9.462" errors="0" timestamp="18 Jul 2022 10:01:25 GMT">
  <testcase classname="org.Maven.Pratice.MavenExample2Test" name="testSetup21" time="6.800"/>
  <testcase classname="org.Maven.Pratice.MavenExample2Test" name="testSetup22" time="2.662"/>
</testsuite> <!-- org.Maven.Pratice.MavenExample2Test -->
